<?xml version="1.0" encoding="UTF-8"?>
<!-- Generated by org.testng.reporters.JUnitReportReporter -->
<testsuite hostname="SunilSharma" failures="0" tests="1" name="kdf.Application" time="23.345" errors="0" timestamp="2020-06-11T15:30:06 EDT" skipped="0">
  <testcase classname="kdf.Application" name="verifyInvalidLogin" time="23.345"/>
</testsuite> <!-- kdf.Application -->
